Determining if the pthread_create exist failed with the following output:
Change Dir: /home/kilox/catkin_ws_planning/src/navigation_tutorials/cmake-build-debug/CMakeFiles/CMakeTmp

Run Build Command:"/usr/bin/make" "cmTC_75279/fast"
/usr/bin/make -f CMakeFiles/cmTC_75279.dir/build.make CMakeFiles/cmTC_75279.dir/build
make[1]: Entering directory '/home/kilox/catkin_ws_planning/src/navigation_tutorials/cmake-build-debug/CMakeFiles/CMakeTmp'
Building C object CMakeFiles/cmTC_75279.dir/CheckSymbolExists.c.o
/usr/bin/cc    -o CMakeFiles/cmTC_75279.dir/CheckSymbolExists.c.o   -c /home/kilox/catkin_ws_planning/src/navigation_tutorials/cmake-build-debug/CMakeFiles/CMakeTmp/CheckSymbolExists.c
Linking C executable cmTC_75279
/home/kilox/Downloads/clion-2018.2.2/bin/cmake/linux/bin/cmake -E cmake_link_script CMakeFiles/cmTC_75279.dir/link.txt --verbose=1
/usr/bin/cc      -rdynamic CMakeFiles/cmTC_75279.dir/CheckSymbolExists.c.o  -o cmTC_75279 
CMakeFiles/cmTC_75279.dir/CheckSymbolExists.c.o: In function `main':
CheckSymbolExists.c:(.text+0x16): undefined reference to `pthread_create'
collect2: error: ld returned 1 exit status
CMakeFiles/cmTC_75279.dir/build.make:86: recipe for target 'cmTC_75279' failed
make[1]: *** [cmTC_75279] Error 1
make[1]: Leaving directory '/home/kilox/catkin_ws_planning/src/navigation_tutorials/cmake-build-debug/CMakeFiles/CMakeTmp'
Makefile:121: recipe for target 'cmTC_75279/fast' failed
make: *** [cmTC_75279/fast] Error 2

File /home/kilox/catkin_ws_planning/src/navigation_tutorials/cmake-build-debug/CMakeFiles/CMakeTmp/CheckSymbolExists.c:
/* */
#include <pthread.h>

int main(int argc, char** argv)
{
  (void)argv;
#ifndef pthread_create
  return ((int*)(&pthread_create))[argc];
#else
  (void)argc;
  return 0;
#endif
}

Determining if the function pthread_create exists in the pthreads failed with the following output:
Change Dir: /home/kilox/catkin_ws_planning/src/navigation_tutorials/cmake-build-debug/CMakeFiles/CMakeTmp

Run Build Command:"/usr/bin/make" "cmTC_bbb79/fast"
/usr/bin/make -f CMakeFiles/cmTC_bbb79.dir/build.make CMakeFiles/cmTC_bbb79.dir/build
make[1]: Entering directory '/home/kilox/catkin_ws_planning/src/navigation_tutorials/cmake-build-debug/CMakeFiles/CMakeTmp'
Building C object CMakeFiles/cmTC_bbb79.dir/CheckFunctionExists.c.o
/usr/bin/cc   -DCHECK_FUNCTION_EXISTS=pthread_create   -o CMakeFiles/cmTC_bbb79.dir/CheckFunctionExists.c.o   -c /home/kilox/Downloads/clion-2018.2.2/bin/cmake/linux/share/cmake-3.12/Modules/CheckFunctionExists.c
Linking C executable cmTC_bbb79
/home/kilox/Downloads/clion-2018.2.2/bin/cmake/linux/bin/cmake -E cmake_link_script CMakeFiles/cmTC_bbb79.dir/link.txt --verbose=1
/usr/bin/cc  -DCHECK_FUNCTION_EXISTS=pthread_create    -rdynamic CMakeFiles/cmTC_bbb79.dir/CheckFunctionExists.c.o  -o cmTC_bbb79 -lpthreads 
/usr/bin/ld: cannot find -lpthreads
collect2: error: ld returned 1 exit status
CMakeFiles/cmTC_bbb79.dir/build.make:86: recipe for target 'cmTC_bbb79' failed
make[1]: *** [cmTC_bbb79] Error 1
make[1]: Leaving directory '/home/kilox/catkin_ws_planning/src/navigation_tutorials/cmake-build-debug/CMakeFiles/CMakeTmp'
Makefile:121: recipe for target 'cmTC_bbb79/fast' failed
make: *** [cmTC_bbb79/fast] Error 2


